<?xml version="1.0" encoding="UTF-8"?>
<!-- Generated by org.testng.reporters.JUnitXMLReporter -->
<testsuite hostname="ubuntu" name="ExecuteAll" tests="11" failures="0" timestamp="19 May 2015 15:10:46 GMT" time="0.543" errors="0">
  <testcase name="method_getTestScores_returned_map_must_contain_report_document" time="0.113" classname="com.rc.wefunit.testengine.TestEngineTest"/>
  <testcase name="method_getTestScores_returned_map_must_contain_score_document" time="0.001" classname="com.rc.wefunit.testengine.TestEngineTest"/>
  <testcase name="method_getTestScores_returned_map_validating_failed_test_objects_structures_inside_report_failed_array" time="0.186" classname="com.rc.wefunit.testengine.TestEngineTest"/>
  <testcase name="method_generateHTMLTestReporting_create_a_new_html_report_if_a_report_file_is_not_there" time="0.047" classname="com.rc.wefunit.testreporting.HTMLReporterTest"/>
  <testcase name="method_generateHTMLTestReporting_delete_existing_html_report_file_then_regenerate_a_new_file" time="0.002" classname="com.rc.wefunit.testreporting.HTMLReporterTest"/>
  <testcase name="method_generateHTMLTestReporting_if_reporting_directories_are_not_present_then_create_them" time="0.001" classname="com.rc.wefunit.testreporting.HTMLReporterTest"/>
  <testcase name="method_generateHTMLTestReporting_must_throw_IllegalStateException_when_reporting_dir_is_not_accessible" time="0.099" classname="com.rc.wefunit.testreporting.HTMLReporterTest"/>
  <testcase name="method_getBaseDirPathForLogging_must_return_user_home_when_a_config_file_is_present_but_no_logging_dir_element_is_there" time="0.013" classname="com.rc.wefunit.ConfigReaderTest"/>
  <testcase name="method_getBaseDirPathForLogging_must_return_user_home_when_no_wefunit_xml_file_is_present" time="0.003" classname="com.rc.wefunit.ConfigReaderTest"/>
  <testcase name="method_getProjectName_tes_for_linux" time="0.001" classname="com.rc.wefunit.ConfigReaderTest"/>
  <testcase name="method_getProjectName_tes_for_windows" time="0.005" classname="com.rc.wefunit.ConfigReaderTest"/>
</testsuite> <!-- ExecuteAll -->
