<?xml version="1.0" encoding="UTF-8"?>
<!-- Generated by org.testng.reporters.JUnitXMLReporter -->
<testsuite hostname="ubuntu" name="T1" tests="7" failures="0" timestamp="22 May 2015 11:40:57 GMT" time="0.711" errors="0">
  <testcase name="method_executeTests_tests_reports_failed_tests_arrays_size_should_be_equal_to_total_failed_tests" time="0.437" classname="com.rc.wefunit.testengine.TestEngineTest"/>
  <testcase name="method_executeTests_total_executed_tests_should_equal_to_total_no_of_tests_present" time="0.08" classname="com.rc.wefunit.testengine.TestEngineTest"/>
  <testcase name="method_executeTests_total_passed_tests_should_be_equal_to_total_tests_minus_total_failed_tests" time="0.046" classname="com.rc.wefunit.testengine.TestEngineTest"/>
  <testcase name="method_executeTests_total_test_for_explicitly_failed_tests" time="0.062" classname="com.rc.wefunit.testengine.TestEngineTest"/>
  <testcase name="method_getTestScores_returned_map_must_contain_report_document" time="0.002" classname="com.rc.wefunit.testengine.TestEngineTest"/>
  <testcase name="method_getTestScores_returned_map_must_contain_score_document" time="0.001" classname="com.rc.wefunit.testengine.TestEngineTest"/>
  <testcase name="method_getTestScores_returned_map_validating_failed_test_objects_structures_inside_report_failed_array" time="0.004" classname="com.rc.wefunit.testengine.TestEngineTest"/>
</testsuite> <!-- T1 -->
