<?xml version="1.0" encoding="UTF-8"?>
<testsuite name="TestSuite" time="0.47" tests="11" errors="0" skipped="0" failures="0">
  <properties>
[...]
</properties>
  <testcase name="method_getTestScores_returned_map_must_contain_report_document" classname="com.rc.wefunit.testengine.TestEngineTest" time="0.106"/>
  <testcase name="method_getTestScores_returned_map_must_contain_score_document" classname="com.rc.wefunit.testengine.TestEngineTest" time="0.001"/>
  <testcase name="method_getTestScores_returned_map_validating_failed_test_objects_structures_inside_report_failed_array" classname="com.rc.wefunit.testengine.TestEngineTest" time="0.187"/>
  <testcase name="method_generateHTMLTestReporting_create_a_new_html_report_if_a_report_file_is_not_there" classname="com.rc.wefunit.testreporting.HTMLReporterTest" time="0.047"/>
  <testcase name="method_generateHTMLTestReporting_delete_existing_html_report_file_then_regenerate_a_new_file" classname="com.rc.wefunit.testreporting.HTMLReporterTest" time="0.003"/>
  <testcase name="method_generateHTMLTestReporting_if_reporting_directories_are_not_present_then_create_them" classname="com.rc.wefunit.testreporting.HTMLReporterTest" time="0.002"/>
  <testcase name="method_generateHTMLTestReporting_must_throw_IllegalStateException_when_reporting_dir_is_not_accessible" classname="com.rc.wefunit.testreporting.HTMLReporterTest" time="0.104"/>
  <testcase name="method_getBaseDirPathForLogging_must_return_user_home_when_a_config_file_is_present_but_no_logging_dir_element_is_there" classname="com.rc.wefunit.ConfigReaderTest" time="0.012"/>
  <testcase name="method_getBaseDirPathForLogging_must_return_user_home_when_no_wefunit_xml_file_is_present" classname="com.rc.wefunit.ConfigReaderTest" time="0.002"/>
  <testcase name="method_getProjectName_tes_for_linux" classname="com.rc.wefunit.ConfigReaderTest" time="0.001"/>
  <testcase name="method_getProjectName_tes_for_windows" classname="com.rc.wefunit.ConfigReaderTest" time="0.005"/>
</testsuite>