<?xml version="1.0" encoding="UTF-8"?>
<testng-results skipped="0" failed="0" total="1" passed="1">
  <reporter-output>
  </reporter-output>
  <suite name="Surefire suite" duration-ms="573" started-at="2015-05-12T16:55:12Z" finished-at="2015-05-12T16:55:13Z">
    <groups>
    </groups>
    <test name="Surefire test" duration-ms="573" started-at="2015-05-12T16:55:12Z" finished-at="2015-05-12T16:55:13Z">
      <class name="wefunittest.FirstTest">
        <test-method status="PASS" signature="test1(com.bowstreet.webapp.WebAppAccess, com.bowstreet.util.SystemProperties)[pri:0, instance:wefunittest.FirstTest@69d9c55]" name="test1" duration-ms="469" started-at="2015-05-12T21:55:12Z" finished-at="2015-05-12T21:55:13Z">
          <reporter-output>
          </reporter-output>
        </test-method> <!-- test1 -->
      </class> <!-- wefunittest.FirstTest -->
    </test> <!-- Surefire test -->
  </suite> <!-- Surefire suite -->
</testng-results>
